CREATE DATABASE sorted DEFAULT CHARACTER SET utf8 COLLATE utf8_unicode_ci;
ERROR 1007 (HY000) at line 1: Can't create database 'sorted'; database exists

0   000
CREATE TABLE sorted.part_000 SELECT * FROM engine82.part_000 ORDER BY period DESC;
ERROR 1050 (42S01) at line 1: Table 'part_000' already exists

SET sql_mode = '';
        INSERT LOW_PRIORITY INTO engine83.part_000
          SELECT DISTINCT (sha256url)
              ,md5root
              ,url
              ,root
              ,tags
              ,title
              ,body
              ,MIN(alexa)
              ,MAX(rank)
              ,SUM(hit1)
              ,SUM(hit2)
              ,SUM(hit3)
              ,category
              ,period
              ,AVG(gunning)
              ,AVG(flesch)
              ,AVG(kincaid)
              ,AVG(sentence)
              ,AVG(words)
              ,AVG(syllables)
              ,AVG(complex)
            FROM sorted.part_000
            GROUP BY sha256url

1   001
CREATE TABLE sorted.part_001 SELECT * FROM engine82.part_001 ORDER BY period DESC;
ERROR 1050 (42S01) at line 1: Table 'part_001' already exists

SET sql_mode = '';
        INSERT LOW_PRIORITY INTO engine83.part_001
          SELECT DISTINCT (sha256url)
              ,md5root
              ,url
              ,root
              ,tags
              ,title
              ,body
              ,MIN(alexa)
              ,MAX(rank)
              ,SUM(hit1)
              ,SUM(hit2)
              ,SUM(hit3)
              ,category
              ,period
              ,AVG(gunning)
              ,AVG(flesch)
              ,AVG(kincaid)
              ,AVG(sentence)
              ,AVG(words)
              ,AVG(syllables)
              ,AVG(complex)
            FROM sorted.part_001
            GROUP BY sha256url

2   002
CREATE TABLE sorted.part_002 SELECT * FROM engine82.part_002 ORDER BY period DESC;

SET sql_mode = '';
        INSERT LOW_PRIORITY INTO engine83.part_002
          SELECT DISTINCT (sha256url)
              ,md5root
              ,url
              ,root
              ,tags
              ,title
              ,body
              ,MIN(alexa)
              ,MAX(rank)
              ,SUM(hit1)
              ,SUM(hit2)
              ,SUM(hit3)
              ,category
              ,period
              ,AVG(gunning)
              ,AVG(flesch)
              ,AVG(kincaid)
              ,AVG(sentence)
              ,AVG(words)
              ,AVG(syllables)
              ,AVG(complex)
            FROM sorted.part_002
            GROUP BY sha256url

3   003
CREATE TABLE sorted.part_003 SELECT * FROM engine82.part_003 ORDER BY period DESC;

SET sql_mode = '';
        INSERT LOW_PRIORITY INTO engine83.part_003
          SELECT DISTINCT (sha256url)
              ,md5root
              ,url
              ,root
              ,tags
              ,title
              ,body
              ,MIN(alexa)
              ,MAX(rank)
              ,SUM(hit1)
              ,SUM(hit2)
              ,SUM(hit3)
              ,category
              ,period
              ,AVG(gunning)
              ,AVG(flesch)
              ,AVG(kincaid)
              ,AVG(sentence)
              ,AVG(words)
              ,AVG(syllables)
              ,AVG(complex)
            FROM sorted.part_003
            GROUP BY sha256url

4   004
CREATE TABLE sorted.part_004 SELECT * FROM engine82.part_004 ORDER BY period DESC;

SET sql_mode = '';
        INSERT LOW_PRIORITY INTO engine83.part_004
          SELECT DISTINCT (sha256url)
              ,md5root
              ,url
              ,root
              ,tags
              ,title
              ,body
              ,MIN(alexa)
              ,MAX(rank)
              ,SUM(hit1)
              ,SUM(hit2)
              ,SUM(hit3)
              ,category
              ,period
              ,AVG(gunning)
              ,AVG(flesch)
              ,AVG(kincaid)
              ,AVG(sentence)
              ,AVG(words)
              ,AVG(syllables)
              ,AVG(complex)
            FROM sorted.part_004
            GROUP BY sha256url

5   005
CREATE TABLE sorted.part_005 SELECT * FROM engine82.part_005 ORDER BY period DESC;

SET sql_mode = '';
        INSERT LOW_PRIORITY INTO engine83.part_005
          SELECT DISTINCT (sha256url)
              ,md5root
              ,url
              ,root
              ,tags
              ,title
              ,body
              ,MIN(alexa)
              ,MAX(rank)
              ,SUM(hit1)
              ,SUM(hit2)
              ,SUM(hit3)
              ,category
              ,period
              ,AVG(gunning)
              ,AVG(flesch)
              ,AVG(kincaid)
              ,AVG(sentence)
              ,AVG(words)
              ,AVG(syllables)
              ,AVG(complex)
            FROM sorted.part_005
            GROUP BY sha256url

6   006
CREATE TABLE sorted.part_006 SELECT * FROM engine82.part_006 ORDER BY period DESC;

SET sql_mode = '';
        INSERT LOW_PRIORITY INTO engine83.part_006
          SELECT DISTINCT (sha256url)
              ,md5root
              ,url
              ,root
              ,tags
              ,title
              ,body
              ,MIN(alexa)
              ,MAX(rank)
              ,SUM(hit1)
              ,SUM(hit2)
              ,SUM(hit3)
              ,category
              ,period
              ,AVG(gunning)
              ,AVG(flesch)
              ,AVG(kincaid)
              ,AVG(sentence)
              ,AVG(words)
              ,AVG(syllables)
              ,AVG(complex)
            FROM sorted.part_006
            GROUP BY sha256url

7   007
CREATE TABLE sorted.part_007 SELECT * FROM engine82.part_007 ORDER BY period DESC;

SET sql_mode = '';
        INSERT LOW_PRIORITY INTO engine83.part_007
          SELECT DISTINCT (sha256url)
              ,md5root
              ,url
              ,root
              ,tags
              ,title
              ,body
              ,MIN(alexa)
              ,MAX(rank)
              ,SUM(hit1)
              ,SUM(hit2)
              ,SUM(hit3)
              ,category
              ,period
              ,AVG(gunning)
              ,AVG(flesch)
              ,AVG(kincaid)
              ,AVG(sentence)
              ,AVG(words)
              ,AVG(syllables)
              ,AVG(complex)
            FROM sorted.part_007
            GROUP BY sha256url

8   008
CREATE TABLE sorted.part_008 SELECT * FROM engine82.part_008 ORDER BY period DESC;

SET sql_mode = '';
        INSERT LOW_PRIORITY INTO engine83.part_008
          SELECT DISTINCT (sha256url)
              ,md5root
              ,url
              ,root
              ,tags
              ,title
              ,body
              ,MIN(alexa)
              ,MAX(rank)
              ,SUM(hit1)
              ,SUM(hit2)
              ,SUM(hit3)
              ,category
              ,period
              ,AVG(gunning)
              ,AVG(flesch)
              ,AVG(kincaid)
              ,AVG(sentence)
              ,AVG(words)
              ,AVG(syllables)
              ,AVG(complex)
            FROM sorted.part_008
            GROUP BY sha256url

9   009
CREATE TABLE sorted.part_009 SELECT * FROM engine82.part_009 ORDER BY period DESC;

SET sql_mode = '';
        INSERT LOW_PRIORITY INTO engine83.part_009
          SELECT DISTINCT (sha256url)
              ,md5root
              ,url
              ,root
              ,tags
              ,title
              ,body
              ,MIN(alexa)
              ,MAX(rank)
              ,SUM(hit1)
              ,SUM(hit2)
              ,SUM(hit3)
              ,category
              ,period
              ,AVG(gunning)
              ,AVG(flesch)
              ,AVG(kincaid)
              ,AVG(sentence)
              ,AVG(words)
              ,AVG(syllables)
              ,AVG(complex)
            FROM sorted.part_009
            GROUP BY sha256url

10   00a
CREATE TABLE sorted.part_00a SELECT * FROM engine82.part_00a ORDER BY period DESC;

SET sql_mode = '';
        INSERT LOW_PRIORITY INTO engine83.part_00a
          SELECT DISTINCT (sha256url)
              ,md5root
              ,url
              ,root
              ,tags
              ,title
              ,body
              ,MIN(alexa)
              ,MAX(rank)
              ,SUM(hit1)
              ,SUM(hit2)
              ,SUM(hit3)
              ,category
              ,period
              ,AVG(gunning)
              ,AVG(flesch)
              ,AVG(kincaid)
              ,AVG(sentence)
              ,AVG(words)
              ,AVG(syllables)
              ,AVG(complex)
            FROM sorted.part_00a
            GROUP BY sha256url

11   00b
CREATE TABLE sorted.part_00b SELECT * FROM engine82.part_00b ORDER BY period DESC;

SET sql_mode = '';
        INSERT LOW_PRIORITY INTO engine83.part_00b
          SELECT DISTINCT (sha256url)
              ,md5root
              ,url
              ,root
              ,tags
              ,title
              ,body
              ,MIN(alexa)
              ,MAX(rank)
              ,SUM(hit1)
              ,SUM(hit2)
              ,SUM(hit3)
              ,category
              ,period
              ,AVG(gunning)
              ,AVG(flesch)
              ,AVG(kincaid)
              ,AVG(sentence)
              ,AVG(words)
              ,AVG(syllables)
              ,AVG(complex)
            FROM sorted.part_00b
            GROUP BY sha256url

12   00c
CREATE TABLE sorted.part_00c SELECT * FROM engine82.part_00c ORDER BY period DESC;

SET sql_mode = '';
        INSERT LOW_PRIORITY INTO engine83.part_00c
          SELECT DISTINCT (sha256url)
              ,md5root
              ,url
              ,root
              ,tags
              ,title
              ,body
              ,MIN(alexa)
              ,MAX(rank)
              ,SUM(hit1)
              ,SUM(hit2)
              ,SUM(hit3)
              ,category
              ,period
              ,AVG(gunning)
              ,AVG(flesch)
              ,AVG(kincaid)
              ,AVG(sentence)
              ,AVG(words)
              ,AVG(syllables)
              ,AVG(complex)
            FROM sorted.part_00c
            GROUP BY sha256url

13   00d
CREATE TABLE sorted.part_00d SELECT * FROM engine82.part_00d ORDER BY period DESC;

SET sql_mode = '';
        INSERT LOW_PRIORITY INTO engine83.part_00d
          SELECT DISTINCT (sha256url)
              ,md5root
              ,url
              ,root
              ,tags
              ,title
              ,body
              ,MIN(alexa)
              ,MAX(rank)
              ,SUM(hit1)
              ,SUM(hit2)
              ,SUM(hit3)
              ,category
              ,period
              ,AVG(gunning)
              ,AVG(flesch)
              ,AVG(kincaid)
              ,AVG(sentence)
              ,AVG(words)
              ,AVG(syllables)
              ,AVG(complex)
            FROM sorted.part_00d
            GROUP BY sha256url

14   00e
CREATE TABLE sorted.part_00e SELECT * FROM engine82.part_00e ORDER BY period DESC;

SET sql_mode = '';
        INSERT LOW_PRIORITY INTO engine83.part_00e
          SELECT DISTINCT (sha256url)
              ,md5root
              ,url
              ,root
              ,tags
              ,title
              ,body
              ,MIN(alexa)
              ,MAX(rank)
              ,SUM(hit1)
              ,SUM(hit2)
              ,SUM(hit3)
              ,category
              ,period
              ,AVG(gunning)
              ,AVG(flesch)
              ,AVG(kincaid)
              ,AVG(sentence)
              ,AVG(words)
              ,AVG(syllables)
              ,AVG(complex)
            FROM sorted.part_00e
            GROUP BY sha256url

15   00f
CREATE TABLE sorted.part_00f SELECT * FROM engine82.part_00f ORDER BY period DESC;

SET sql_mode = '';
        INSERT LOW_PRIORITY INTO engine83.part_00f
          SELECT DISTINCT (sha256url)
              ,md5root
              ,url
              ,root
              ,tags
              ,title
              ,body
              ,MIN(alexa)
              ,MAX(rank)
              ,SUM(hit1)
              ,SUM(hit2)
              ,SUM(hit3)
              ,category
              ,period
              ,AVG(gunning)
              ,AVG(flesch)
              ,AVG(kincaid)
              ,AVG(sentence)
              ,AVG(words)
              ,AVG(syllables)
              ,AVG(complex)
            FROM sorted.part_00f
            GROUP BY sha256url

16   010
CREATE TABLE sorted.part_010 SELECT * FROM engine82.part_010 ORDER BY period DESC;

SET sql_mode = '';
        INSERT LOW_PRIORITY INTO engine83.part_010
          SELECT DISTINCT (sha256url)
              ,md5root
              ,url
              ,root
              ,tags
              ,title
              ,body
              ,MIN(alexa)
              ,MAX(rank)
              ,SUM(hit1)
              ,SUM(hit2)
              ,SUM(hit3)
              ,category
              ,period
              ,AVG(gunning)
              ,AVG(flesch)
              ,AVG(kincaid)
              ,AVG(sentence)
              ,AVG(words)
              ,AVG(syllables)
              ,AVG(complex)
            FROM sorted.part_010
            GROUP BY sha256url

17   011
CREATE TABLE sorted.part_011 SELECT * FROM engine82.part_011 ORDER BY period DESC;

SET sql_mode = '';
        INSERT LOW_PRIORITY INTO engine83.part_011
          SELECT DISTINCT (sha256url)
              ,md5root
              ,url
              ,root
              ,tags
              ,title
              ,body
              ,MIN(alexa)
              ,MAX(rank)
              ,SUM(hit1)
              ,SUM(hit2)
              ,SUM(hit3)
              ,category
              ,period
              ,AVG(gunning)
              ,AVG(flesch)
              ,AVG(kincaid)
              ,AVG(sentence)
              ,AVG(words)
              ,AVG(syllables)
              ,AVG(complex)
            FROM sorted.part_011
            GROUP BY sha256url

18   012
CREATE TABLE sorted.part_012 SELECT * FROM engine82.part_012 ORDER BY period DESC;

SET sql_mode = '';
        INSERT LOW_PRIORITY INTO engine83.part_012
          SELECT DISTINCT (sha256url)
              ,md5root
              ,url
              ,root
              ,tags
              ,title
              ,body
              ,MIN(alexa)
              ,MAX(rank)
              ,SUM(hit1)
              ,SUM(hit2)
              ,SUM(hit3)
              ,category
              ,period
              ,AVG(gunning)
              ,AVG(flesch)
              ,AVG(kincaid)
              ,AVG(sentence)
              ,AVG(words)
              ,AVG(syllables)
              ,AVG(complex)
            FROM sorted.part_012
            GROUP BY sha256url

19   013
CREATE TABLE sorted.part_013 SELECT * FROM engine82.part_013 ORDER BY period DESC;

SET sql_mode = '';
        INSERT LOW_PRIORITY INTO engine83.part_013
          SELECT DISTINCT (sha256url)
              ,md5root
              ,url
              ,root
              ,tags
              ,title
              ,body
              ,MIN(alexa)
              ,MAX(rank)
              ,SUM(hit1)
              ,SUM(hit2)
              ,SUM(hit3)
              ,category
              ,period
              ,AVG(gunning)
              ,AVG(flesch)
              ,AVG(kincaid)
              ,AVG(sentence)
              ,AVG(words)
              ,AVG(syllables)
              ,AVG(complex)
            FROM sorted.part_013
            GROUP BY sha256url

20   014
CREATE TABLE sorted.part_014 SELECT * FROM engine82.part_014 ORDER BY period DESC;

SET sql_mode = '';
        INSERT LOW_PRIORITY INTO engine83.part_014
          SELECT DISTINCT (sha256url)
              ,md5root
              ,url
              ,root
              ,tags
              ,title
              ,body
              ,MIN(alexa)
              ,MAX(rank)
              ,SUM(hit1)
              ,SUM(hit2)
              ,SUM(hit3)
              ,category
              ,period
              ,AVG(gunning)
              ,AVG(flesch)
              ,AVG(kincaid)
              ,AVG(sentence)
              ,AVG(words)
              ,AVG(syllables)
              ,AVG(complex)
            FROM sorted.part_014
            GROUP BY sha256url

21   015
CREATE TABLE sorted.part_015 SELECT * FROM engine82.part_015 ORDER BY period DESC;

SET sql_mode = '';
        INSERT LOW_PRIORITY INTO engine83.part_015
          SELECT DISTINCT (sha256url)
              ,md5root
              ,url
              ,root
              ,tags
              ,title
              ,body
              ,MIN(alexa)
              ,MAX(rank)
              ,SUM(hit1)
              ,SUM(hit2)
              ,SUM(hit3)
              ,category
              ,period
              ,AVG(gunning)
              ,AVG(flesch)
              ,AVG(kincaid)
              ,AVG(sentence)
              ,AVG(words)
              ,AVG(syllables)
              ,AVG(complex)
            FROM sorted.part_015
            GROUP BY sha256url

22   016
CREATE TABLE sorted.part_016 SELECT * FROM engine82.part_016 ORDER BY period DESC;

SET sql_mode = '';
        INSERT LOW_PRIORITY INTO engine83.part_016
          SELECT DISTINCT (sha256url)
              ,md5root
              ,url
              ,root
              ,tags
              ,title
              ,body
              ,MIN(alexa)
              ,MAX(rank)
              ,SUM(hit1)
              ,SUM(hit2)
              ,SUM(hit3)
              ,category
              ,period
              ,AVG(gunning)
              ,AVG(flesch)
              ,AVG(kincaid)
              ,AVG(sentence)
              ,AVG(words)
              ,AVG(syllables)
              ,AVG(complex)
            FROM sorted.part_016
            GROUP BY sha256url

23   017
CREATE TABLE sorted.part_017 SELECT * FROM engine82.part_017 ORDER BY period DESC;

SET sql_mode = '';
        INSERT LOW_PRIORITY INTO engine83.part_017
          SELECT DISTINCT (sha256url)
              ,md5root
              ,url
              ,root
              ,tags
              ,title
              ,body
              ,MIN(alexa)
              ,MAX(rank)
              ,SUM(hit1)
              ,SUM(hit2)
              ,SUM(hit3)
              ,category
              ,period
              ,AVG(gunning)
              ,AVG(flesch)
              ,AVG(kincaid)
              ,AVG(sentence)
              ,AVG(words)
              ,AVG(syllables)
              ,AVG(complex)
            FROM sorted.part_017
            GROUP BY sha256url

24   018
CREATE TABLE sorted.part_018 SELECT * FROM engine82.part_018 ORDER BY period DESC;

SET sql_mode = '';
        INSERT LOW_PRIORITY INTO engine83.part_018
          SELECT DISTINCT (sha256url)
              ,md5root
              ,url
              ,root
              ,tags
              ,title
              ,body
              ,MIN(alexa)
              ,MAX(rank)
              ,SUM(hit1)
              ,SUM(hit2)
              ,SUM(hit3)
              ,category
              ,period
              ,AVG(gunning)
              ,AVG(flesch)
              ,AVG(kincaid)
              ,AVG(sentence)
              ,AVG(words)
              ,AVG(syllables)
              ,AVG(complex)
            FROM sorted.part_018
            GROUP BY sha256url

25   019
CREATE TABLE sorted.part_019 SELECT * FROM engine82.part_019 ORDER BY period DESC;

SET sql_mode = '';
        INSERT LOW_PRIORITY INTO engine83.part_019
          SELECT DISTINCT (sha256url)
              ,md5root
              ,url
              ,root
              ,tags
              ,title
              ,body
              ,MIN(alexa)
              ,MAX(rank)
              ,SUM(hit1)
              ,SUM(hit2)
              ,SUM(hit3)
              ,category
              ,period
              ,AVG(gunning)
              ,AVG(flesch)
              ,AVG(kincaid)
              ,AVG(sentence)
              ,AVG(words)
              ,AVG(syllables)
              ,AVG(complex)
            FROM sorted.part_019
            GROUP BY sha256url

26   01a
CREATE TABLE sorted.part_01a SELECT * FROM engine82.part_01a ORDER BY period DESC;

SET sql_mode = '';
        INSERT LOW_PRIORITY INTO engine83.part_01a
          SELECT DISTINCT (sha256url)
              ,md5root
              ,url
              ,root
              ,tags
              ,title
              ,body
              ,MIN(alexa)
              ,MAX(rank)
              ,SUM(hit1)
              ,SUM(hit2)
              ,SUM(hit3)
              ,category
              ,period
              ,AVG(gunning)
              ,AVG(flesch)
              ,AVG(kincaid)
              ,AVG(sentence)
              ,AVG(words)
              ,AVG(syllables)
              ,AVG(complex)
            FROM sorted.part_01a
            GROUP BY sha256url

27   01b
CREATE TABLE sorted.part_01b SELECT * FROM engine82.part_01b ORDER BY period DESC;

SET sql_mode = '';
        INSERT LOW_PRIORITY INTO engine83.part_01b
          SELECT DISTINCT (sha256url)
              ,md5root
              ,url
              ,root
              ,tags
              ,title
              ,body
              ,MIN(alexa)
              ,MAX(rank)
              ,SUM(hit1)
              ,SUM(hit2)
              ,SUM(hit3)
              ,category
              ,period
              ,AVG(gunning)
              ,AVG(flesch)
              ,AVG(kincaid)
              ,AVG(sentence)
              ,AVG(words)
              ,AVG(syllables)
              ,AVG(complex)
            FROM sorted.part_01b
            GROUP BY sha256url

28   01c
CREATE TABLE sorted.part_01c SELECT * FROM engine82.part_01c ORDER BY period DESC;

SET sql_mode = '';
        INSERT LOW_PRIORITY INTO engine83.part_01c
          SELECT DISTINCT (sha256url)
              ,md5root
              ,url
              ,root
              ,tags
              ,title
              ,body
              ,MIN(alexa)
              ,MAX(rank)
              ,SUM(hit1)
              ,SUM(hit2)
              ,SUM(hit3)
              ,category
              ,period
              ,AVG(gunning)
              ,AVG(flesch)
              ,AVG(kincaid)
              ,AVG(sentence)
              ,AVG(words)
              ,AVG(syllables)
              ,AVG(complex)
            FROM sorted.part_01c
            GROUP BY sha256url

29   01d
CREATE TABLE sorted.part_01d SELECT * FROM engine82.part_01d ORDER BY period DESC;

SET sql_mode = '';
        INSERT LOW_PRIORITY INTO engine83.part_01d
          SELECT DISTINCT (sha256url)
              ,md5root
              ,url
              ,root
              ,tags
              ,title
              ,body
              ,MIN(alexa)
              ,MAX(rank)
              ,SUM(hit1)
              ,SUM(hit2)
              ,SUM(hit3)
              ,category
              ,period
              ,AVG(gunning)
              ,AVG(flesch)
              ,AVG(kincaid)
              ,AVG(sentence)
              ,AVG(words)
              ,AVG(syllables)
              ,AVG(complex)
            FROM sorted.part_01d
            GROUP BY sha256url

30   01e
CREATE TABLE sorted.part_01e SELECT * FROM engine82.part_01e ORDER BY period DESC;

SET sql_mode = '';
        INSERT LOW_PRIORITY INTO engine83.part_01e
          SELECT DISTINCT (sha256url)
              ,md5root
              ,url
              ,root
              ,tags
              ,title
              ,body
              ,MIN(alexa)
              ,MAX(rank)
              ,SUM(hit1)
              ,SUM(hit2)
              ,SUM(hit3)
              ,category
              ,period
              ,AVG(gunning)
              ,AVG(flesch)
              ,AVG(kincaid)
              ,AVG(sentence)
              ,AVG(words)
              ,AVG(syllables)
              ,AVG(complex)
            FROM sorted.part_01e
            GROUP BY sha256url

31   01f
CREATE TABLE sorted.part_01f SELECT * FROM engine82.part_01f ORDER BY period DESC;

SET sql_mode = '';
        INSERT LOW_PRIORITY INTO engine83.part_01f
          SELECT DISTINCT (sha256url)
              ,md5root
              ,url
              ,root
              ,tags
              ,title
              ,body
              ,MIN(alexa)
              ,MAX(rank)
              ,SUM(hit1)
              ,SUM(hit2)
              ,SUM(hit3)
              ,category
              ,period
              ,AVG(gunning)
              ,AVG(flesch)
              ,AVG(kincaid)
              ,AVG(sentence)
              ,AVG(words)
              ,AVG(syllables)
              ,AVG(complex)
            FROM sorted.part_01f
            GROUP BY sha256url

32   020
CREATE TABLE sorted.part_020 SELECT * FROM engine82.part_020 ORDER BY period DESC;

SET sql_mode = '';
        INSERT LOW_PRIORITY INTO engine83.part_020
          SELECT DISTINCT (sha256url)
              ,md5root
              ,url
              ,root
              ,tags
              ,title
              ,body
              ,MIN(alexa)
              ,MAX(rank)
              ,SUM(hit1)
              ,SUM(hit2)
              ,SUM(hit3)
              ,category
              ,period
              ,AVG(gunning)
              ,AVG(flesch)
              ,AVG(kincaid)
              ,AVG(sentence)
              ,AVG(words)
              ,AVG(syllables)
              ,AVG(complex)
            FROM sorted.part_020
            GROUP BY sha256url

33   021
CREATE TABLE sorted.part_021 SELECT * FROM engine82.part_021 ORDER BY period DESC;

SET sql_mode = '';
        INSERT LOW_PRIORITY INTO engine83.part_021
          SELECT DISTINCT (sha256url)
              ,md5root
              ,url
              ,root
              ,tags
              ,title
              ,body
              ,MIN(alexa)
              ,MAX(rank)
              ,SUM(hit1)
              ,SUM(hit2)
              ,SUM(hit3)
              ,category
              ,period
              ,AVG(gunning)
              ,AVG(flesch)
              ,AVG(kincaid)
              ,AVG(sentence)
              ,AVG(words)
              ,AVG(syllables)
              ,AVG(complex)
            FROM sorted.part_021
            GROUP BY sha256url

34   022
CREATE TABLE sorted.part_022 SELECT * FROM engine82.part_022 ORDER BY period DESC;

SET sql_mode = '';
        INSERT LOW_PRIORITY INTO engine83.part_022
          SELECT DISTINCT (sha256url)
              ,md5root
              ,url
              ,root
              ,tags
              ,title
              ,body
              ,MIN(alexa)
              ,MAX(rank)
              ,SUM(hit1)
              ,SUM(hit2)
              ,SUM(hit3)
              ,category
              ,period
              ,AVG(gunning)
              ,AVG(flesch)
              ,AVG(kincaid)
              ,AVG(sentence)
              ,AVG(words)
              ,AVG(syllables)
              ,AVG(complex)
            FROM sorted.part_022
            GROUP BY sha256url

35   023
CREATE TABLE sorted.part_023 SELECT * FROM engine82.part_023 ORDER BY period DESC;

SET sql_mode = '';
        INSERT LOW_PRIORITY INTO engine83.part_023
          SELECT DISTINCT (sha256url)
              ,md5root
              ,url
              ,root
              ,tags
              ,title
              ,body
              ,MIN(alexa)
              ,MAX(rank)
              ,SUM(hit1)
              ,SUM(hit2)
              ,SUM(hit3)
              ,category
              ,period
              ,AVG(gunning)
              ,AVG(flesch)
              ,AVG(kincaid)
              ,AVG(sentence)
              ,AVG(words)
              ,AVG(syllables)
              ,AVG(complex)
            FROM sorted.part_023
            GROUP BY sha256url

36   024
CREATE TABLE sorted.part_024 SELECT * FROM engine82.part_024 ORDER BY period DESC;

SET sql_mode = '';
        INSERT LOW_PRIORITY INTO engine83.part_024
          SELECT DISTINCT (sha256url)
              ,md5root
              ,url
              ,root
              ,tags
              ,title
              ,body
              ,MIN(alexa)
              ,MAX(rank)
              ,SUM(hit1)
              ,SUM(hit2)
              ,SUM(hit3)
              ,category
              ,period
              ,AVG(gunning)
              ,AVG(flesch)
              ,AVG(kincaid)
              ,AVG(sentence)
              ,AVG(words)
              ,AVG(syllables)
              ,AVG(complex)
            FROM sorted.part_024
            GROUP BY sha256url

37   025
CREATE TABLE sorted.part_025 SELECT * FROM engine82.part_025 ORDER BY period DESC;

SET sql_mode = '';
        INSERT LOW_PRIORITY INTO engine83.part_025
          SELECT DISTINCT (sha256url)
              ,md5root
              ,url
              ,root
              ,tags
              ,title
              ,body
              ,MIN(alexa)
              ,MAX(rank)
              ,SUM(hit1)
              ,SUM(hit2)
              ,SUM(hit3)
              ,category
              ,period
              ,AVG(gunning)
              ,AVG(flesch)
              ,AVG(kincaid)
              ,AVG(sentence)
              ,AVG(words)
              ,AVG(syllables)
              ,AVG(complex)
            FROM sorted.part_025
            GROUP BY sha256url

38   026
CREATE TABLE sorted.part_026 SELECT * FROM engine82.part_026 ORDER BY period DESC;

SET sql_mode = '';
        INSERT LOW_PRIORITY INTO engine83.part_026
          SELECT DISTINCT (sha256url)
              ,md5root
              ,url
              ,root
              ,tags
              ,title
              ,body
              ,MIN(alexa)
              ,MAX(rank)
              ,SUM(hit1)
              ,SUM(hit2)
              ,SUM(hit3)
              ,category
              ,period
              ,AVG(gunning)
              ,AVG(flesch)
              ,AVG(kincaid)
              ,AVG(sentence)
              ,AVG(words)
              ,AVG(syllables)
              ,AVG(complex)
            FROM sorted.part_026
            GROUP BY sha256url

39   027
CREATE TABLE sorted.part_027 SELECT * FROM engine82.part_027 ORDER BY period DESC;

SET sql_mode = '';
        INSERT LOW_PRIORITY INTO engine83.part_027
          SELECT DISTINCT (sha256url)
              ,md5root
              ,url
              ,root
              ,tags
              ,title
              ,body
              ,MIN(alexa)
              ,MAX(rank)
              ,SUM(hit1)
              ,SUM(hit2)
              ,SUM(hit3)
              ,category
              ,period
              ,AVG(gunning)
              ,AVG(flesch)
              ,AVG(kincaid)
              ,AVG(sentence)
              ,AVG(words)
              ,AVG(syllables)
              ,AVG(complex)
            FROM sorted.part_027
            GROUP BY sha256url

40   028
CREATE TABLE sorted.part_028 SELECT * FROM engine82.part_028 ORDER BY period DESC;

SET sql_mode = '';
        INSERT LOW_PRIORITY INTO engine83.part_028
          SELECT DISTINCT (sha256url)
              ,md5root
              ,url
              ,root
              ,tags
              ,title
              ,body
              ,MIN(alexa)
              ,MAX(rank)
              ,SUM(hit1)
              ,SUM(hit2)
              ,SUM(hit3)
              ,category
              ,period
              ,AVG(gunning)
              ,AVG(flesch)
              ,AVG(kincaid)
              ,AVG(sentence)
              ,AVG(words)
              ,AVG(syllables)
              ,AVG(complex)
            FROM sorted.part_028
            GROUP BY sha256url

41   029
CREATE TABLE sorted.part_029 SELECT * FROM engine82.part_029 ORDER BY period DESC;

SET sql_mode = '';
        INSERT LOW_PRIORITY INTO engine83.part_029
          SELECT DISTINCT (sha256url)
              ,md5root
              ,url
              ,root
              ,tags
              ,title
              ,body
              ,MIN(alexa)
              ,MAX(rank)
              ,SUM(hit1)
              ,SUM(hit2)
              ,SUM(hit3)
              ,category
              ,period
              ,AVG(gunning)
              ,AVG(flesch)
              ,AVG(kincaid)
              ,AVG(sentence)
              ,AVG(words)
              ,AVG(syllables)
              ,AVG(complex)
            FROM sorted.part_029
            GROUP BY sha256url

42   02a
CREATE TABLE sorted.part_02a SELECT * FROM engine82.part_02a ORDER BY period DESC;

SET sql_mode = '';
        INSERT LOW_PRIORITY INTO engine83.part_02a
          SELECT DISTINCT (sha256url)
              ,md5root
              ,url
              ,root
              ,tags
              ,title
              ,body
              ,MIN(alexa)
              ,MAX(rank)
              ,SUM(hit1)
              ,SUM(hit2)
              ,SUM(hit3)
              ,category
              ,period
              ,AVG(gunning)
              ,AVG(flesch)
              ,AVG(kincaid)
              ,AVG(sentence)
              ,AVG(words)
              ,AVG(syllables)
              ,AVG(complex)
            FROM sorted.part_02a
            GROUP BY sha256url

43   02b
CREATE TABLE sorted.part_02b SELECT * FROM engine82.part_02b ORDER BY period DESC;

SET sql_mode = '';
        INSERT LOW_PRIORITY INTO engine83.part_02b
          SELECT DISTINCT (sha256url)
              ,md5root
              ,url
              ,root
              ,tags
              ,title
              ,body
              ,MIN(alexa)
              ,MAX(rank)
              ,SUM(hit1)
              ,SUM(hit2)
              ,SUM(hit3)
              ,category
              ,period
              ,AVG(gunning)
              ,AVG(flesch)
              ,AVG(kincaid)
              ,AVG(sentence)
              ,AVG(words)
              ,AVG(syllables)
              ,AVG(complex)
            FROM sorted.part_02b
            GROUP BY sha256url

44   02c
CREATE TABLE sorted.part_02c SELECT * FROM engine82.part_02c ORDER BY period DESC;

SET sql_mode = '';
        INSERT LOW_PRIORITY INTO engine83.part_02c
          SELECT DISTINCT (sha256url)
              ,md5root
              ,url
              ,root
              ,tags
              ,title
              ,body
              ,MIN(alexa)
              ,MAX(rank)
              ,SUM(hit1)
              ,SUM(hit2)
              ,SUM(hit3)
              ,category
              ,period
              ,AVG(gunning)
              ,AVG(flesch)
              ,AVG(kincaid)
              ,AVG(sentence)
              ,AVG(words)
              ,AVG(syllables)
              ,AVG(complex)
            FROM sorted.part_02c
            GROUP BY sha256url

45   02d
CREATE TABLE sorted.part_02d SELECT * FROM engine82.part_02d ORDER BY period DESC;

SET sql_mode = '';
        INSERT LOW_PRIORITY INTO engine83.part_02d
          SELECT DISTINCT (sha256url)
              ,md5root
              ,url
              ,root
              ,tags
              ,title
              ,body
              ,MIN(alexa)
              ,MAX(rank)
              ,SUM(hit1)
              ,SUM(hit2)
              ,SUM(hit3)
              ,category
              ,period
              ,AVG(gunning)
              ,AVG(flesch)
              ,AVG(kincaid)
              ,AVG(sentence)
              ,AVG(words)
              ,AVG(syllables)
              ,AVG(complex)
            FROM sorted.part_02d
            GROUP BY sha256url

46   02e
CREATE TABLE sorted.part_02e SELECT * FROM engine82.part_02e ORDER BY period DESC;

SET sql_mode = '';
        INSERT LOW_PRIORITY INTO engine83.part_02e
          SELECT DISTINCT (sha256url)
              ,md5root
              ,url
              ,root
              ,tags
              ,title
              ,body
              ,MIN(alexa)
              ,MAX(rank)
              ,SUM(hit1)
              ,SUM(hit2)
              ,SUM(hit3)
              ,category
              ,period
              ,AVG(gunning)
              ,AVG(flesch)
              ,AVG(kincaid)
              ,AVG(sentence)
              ,AVG(words)
              ,AVG(syllables)
              ,AVG(complex)
            FROM sorted.part_02e
            GROUP BY sha256url

47   02f
CREATE TABLE sorted.part_02f SELECT * FROM engine82.part_02f ORDER BY period DESC;

SET sql_mode = '';
        INSERT LOW_PRIORITY INTO engine83.part_02f
          SELECT DISTINCT (sha256url)
              ,md5root
              ,url
              ,root
              ,tags
              ,title
              ,body
              ,MIN(alexa)
              ,MAX(rank)
              ,SUM(hit1)
              ,SUM(hit2)
              ,SUM(hit3)
              ,category
              ,period
              ,AVG(gunning)
              ,AVG(flesch)
              ,AVG(kincaid)
              ,AVG(sentence)
              ,AVG(words)
              ,AVG(syllables)
              ,AVG(complex)
            FROM sorted.part_02f
            GROUP BY sha256url

48   030
CREATE TABLE sorted.part_030 SELECT * FROM engine82.part_030 ORDER BY period DESC;

SET sql_mode = '';
        INSERT LOW_PRIORITY INTO engine83.part_030
          SELECT DISTINCT (sha256url)
              ,md5root
              ,url
              ,root
              ,tags
              ,title
              ,body
              ,MIN(alexa)
              ,MAX(rank)
              ,SUM(hit1)
              ,SUM(hit2)
              ,SUM(hit3)
              ,category
              ,period
              ,AVG(gunning)
              ,AVG(flesch)
              ,AVG(kincaid)
              ,AVG(sentence)
              ,AVG(words)
              ,AVG(syllables)
              ,AVG(complex)
            FROM sorted.part_030
            GROUP BY sha256url

49   031
CREATE TABLE sorted.part_031 SELECT * FROM engine82.part_031 ORDER BY period DESC;

SET sql_mode = '';
        INSERT LOW_PRIORITY INTO engine83.part_031
          SELECT DISTINCT (sha256url)
              ,md5root
              ,url
              ,root
              ,tags
              ,title
              ,body
              ,MIN(alexa)
              ,MAX(rank)
              ,SUM(hit1)
              ,SUM(hit2)
              ,SUM(hit3)
              ,category
              ,period
              ,AVG(gunning)
              ,AVG(flesch)
              ,AVG(kincaid)
              ,AVG(sentence)
              ,AVG(words)
              ,AVG(syllables)
              ,AVG(complex)
            FROM sorted.part_031
            GROUP BY sha256url

50   032
CREATE TABLE sorted.part_032 SELECT * FROM engine82.part_032 ORDER BY period DESC;

SET sql_mode = '';
        INSERT LOW_PRIORITY INTO engine83.part_032
          SELECT DISTINCT (sha256url)
              ,md5root
              ,url
              ,root
              ,tags
              ,title
              ,body
              ,MIN(alexa)
              ,MAX(rank)
              ,SUM(hit1)
              ,SUM(hit2)
              ,SUM(hit3)
              ,category
              ,period
              ,AVG(gunning)
              ,AVG(flesch)
              ,AVG(kincaid)
              ,AVG(sentence)
              ,AVG(words)
              ,AVG(syllables)
              ,AVG(complex)
            FROM sorted.part_032
            GROUP BY sha256url

51   033
CREATE TABLE sorted.part_033 SELECT * FROM engine82.part_033 ORDER BY period DESC;

SET sql_mode = '';
        INSERT LOW_PRIORITY INTO engine83.part_033
          SELECT DISTINCT (sha256url)
              ,md5root
              ,url
              ,root
              ,tags
              ,title
              ,body
              ,MIN(alexa)
              ,MAX(rank)
              ,SUM(hit1)
              ,SUM(hit2)
              ,SUM(hit3)
              ,category
              ,period
              ,AVG(gunning)
              ,AVG(flesch)
              ,AVG(kincaid)
              ,AVG(sentence)
              ,AVG(words)
              ,AVG(syllables)
              ,AVG(complex)
            FROM sorted.part_033
            GROUP BY sha256url

52   034
CREATE TABLE sorted.part_034 SELECT * FROM engine82.part_034 ORDER BY period DESC;

SET sql_mode = '';
        INSERT LOW_PRIORITY INTO engine83.part_034
          SELECT DISTINCT (sha256url)
              ,md5root
              ,url
              ,root
              ,tags
              ,title
              ,body
              ,MIN(alexa)
              ,MAX(rank)
              ,SUM(hit1)
              ,SUM(hit2)
              ,SUM(hit3)
              ,category
              ,period
              ,AVG(gunning)
              ,AVG(flesch)
              ,AVG(kincaid)
              ,AVG(sentence)
              ,AVG(words)
              ,AVG(syllables)
              ,AVG(complex)
            FROM sorted.part_034
            GROUP BY sha256url

53   035
CREATE TABLE sorted.part_035 SELECT * FROM engine82.part_035 ORDER BY period DESC;

SET sql_mode = '';
        INSERT LOW_PRIORITY INTO engine83.part_035
          SELECT DISTINCT (sha256url)
              ,md5root
              ,url
              ,root
              ,tags
              ,title
              ,body
              ,MIN(alexa)
              ,MAX(rank)
              ,SUM(hit1)
              ,SUM(hit2)
              ,SUM(hit3)
              ,category
              ,period
              ,AVG(gunning)
              ,AVG(flesch)
              ,AVG(kincaid)
              ,AVG(sentence)
              ,AVG(words)
              ,AVG(syllables)
              ,AVG(complex)
            FROM sorted.part_035
            GROUP BY sha256url

54   036
CREATE TABLE sorted.part_036 SELECT * FROM engine82.part_036 ORDER BY period DESC;

SET sql_mode = '';
        INSERT LOW_PRIORITY INTO engine83.part_036
          SELECT DISTINCT (sha256url)
              ,md5root
              ,url
              ,root
              ,tags
              ,title
              ,body
              ,MIN(alexa)
              ,MAX(rank)
              ,SUM(hit1)
              ,SUM(hit2)
              ,SUM(hit3)
              ,category
              ,period
              ,AVG(gunning)
              ,AVG(flesch)
              ,AVG(kincaid)
              ,AVG(sentence)
              ,AVG(words)
              ,AVG(syllables)
              ,AVG(complex)
            FROM sorted.part_036
            GROUP BY sha256url

55   037
CREATE TABLE sorted.part_037 SELECT * FROM engine82.part_037 ORDER BY period DESC;

SET sql_mode = '';
        INSERT LOW_PRIORITY INTO engine83.part_037
          SELECT DISTINCT (sha256url)
              ,md5root
              ,url
              ,root
              ,tags
              ,title
              ,body
              ,MIN(alexa)
              ,MAX(rank)
              ,SUM(hit1)
              ,SUM(hit2)
              ,SUM(hit3)
              ,category
              ,period
              ,AVG(gunning)
              ,AVG(flesch)
              ,AVG(kincaid)
              ,AVG(sentence)
              ,AVG(words)
              ,AVG(syllables)
              ,AVG(complex)
            FROM sorted.part_037
            GROUP BY sha256url

56   038
CREATE TABLE sorted.part_038 SELECT * FROM engine82.part_038 ORDER BY period DESC;

SET sql_mode = '';
        INSERT LOW_PRIORITY INTO engine83.part_038
          SELECT DISTINCT (sha256url)
              ,md5root
              ,url
              ,root
              ,tags
              ,title
              ,body
              ,MIN(alexa)
              ,MAX(rank)
              ,SUM(hit1)
              ,SUM(hit2)
              ,SUM(hit3)
              ,category
              ,period
              ,AVG(gunning)
              ,AVG(flesch)
              ,AVG(kincaid)
              ,AVG(sentence)
              ,AVG(words)
              ,AVG(syllables)
              ,AVG(complex)
            FROM sorted.part_038
            GROUP BY sha256url

57   039
CREATE TABLE sorted.part_039 SELECT * FROM engine82.part_039 ORDER BY period DESC;

SET sql_mode = '';
        INSERT LOW_PRIORITY INTO engine83.part_039
          SELECT DISTINCT (sha256url)
              ,md5root
              ,url
              ,root
              ,tags
              ,title
              ,body
              ,MIN(alexa)
              ,MAX(rank)
              ,SUM(hit1)
              ,SUM(hit2)
              ,SUM(hit3)
              ,category
              ,period
              ,AVG(gunning)
              ,AVG(flesch)
              ,AVG(kincaid)
              ,AVG(sentence)
              ,AVG(words)
              ,AVG(syllables)
              ,AVG(complex)
            FROM sorted.part_039
            GROUP BY sha256url

58   03a
CREATE TABLE sorted.part_03a SELECT * FROM engine82.part_03a ORDER BY period DESC;

SET sql_mode = '';
        INSERT LOW_PRIORITY INTO engine83.part_03a
          SELECT DISTINCT (sha256url)
              ,md5root
              ,url
              ,root
              ,tags
              ,title
              ,body
              ,MIN(alexa)
              ,MAX(rank)
              ,SUM(hit1)
              ,SUM(hit2)
              ,SUM(hit3)
              ,category
              ,period
              ,AVG(gunning)
              ,AVG(flesch)
              ,AVG(kincaid)
              ,AVG(sentence)
              ,AVG(words)
              ,AVG(syllables)
              ,AVG(complex)
            FROM sorted.part_03a
            GROUP BY sha256url

59   03b
CREATE TABLE sorted.part_03b SELECT * FROM engine82.part_03b ORDER BY period DESC;

SET sql_mode = '';
        INSERT LOW_PRIORITY INTO engine83.part_03b
          SELECT DISTINCT (sha256url)
              ,md5root
              ,url
              ,root
              ,tags
              ,title
              ,body
              ,MIN(alexa)
              ,MAX(rank)
              ,SUM(hit1)
              ,SUM(hit2)
              ,SUM(hit3)
              ,category
              ,period
              ,AVG(gunning)
              ,AVG(flesch)
              ,AVG(kincaid)
              ,AVG(sentence)
              ,AVG(words)
              ,AVG(syllables)
              ,AVG(complex)
            FROM sorted.part_03b
            GROUP BY sha256url

60   03c
CREATE TABLE sorted.part_03c SELECT * FROM engine82.part_03c ORDER BY period DESC;

SET sql_mode = '';
        INSERT LOW_PRIORITY INTO engine83.part_03c
          SELECT DISTINCT (sha256url)
              ,md5root
              ,url
              ,root
              ,tags
              ,title
              ,body
              ,MIN(alexa)
              ,MAX(rank)
              ,SUM(hit1)
              ,SUM(hit2)
              ,SUM(hit3)
              ,category
              ,period
              ,AVG(gunning)
              ,AVG(flesch)
              ,AVG(kincaid)
              ,AVG(sentence)
              ,AVG(words)
              ,AVG(syllables)
              ,AVG(complex)
            FROM sorted.part_03c
            GROUP BY sha256url

61   03d
CREATE TABLE sorted.part_03d SELECT * FROM engine82.part_03d ORDER BY period DESC;

SET sql_mode = '';
        INSERT LOW_PRIORITY INTO engine83.part_03d
          SELECT DISTINCT (sha256url)
              ,md5root
              ,url
              ,root
              ,tags
              ,title
              ,body
              ,MIN(alexa)
              ,MAX(rank)
              ,SUM(hit1)
              ,SUM(hit2)
              ,SUM(hit3)
              ,category
              ,period
              ,AVG(gunning)
              ,AVG(flesch)
              ,AVG(kincaid)
              ,AVG(sentence)
              ,AVG(words)
              ,AVG(syllables)
              ,AVG(complex)
            FROM sorted.part_03d
            GROUP BY sha256url

62   03e
CREATE TABLE sorted.part_03e SELECT * FROM engine82.part_03e ORDER BY period DESC;

SET sql_mode = '';
        INSERT LOW_PRIORITY INTO engine83.part_03e
          SELECT DISTINCT (sha256url)
              ,md5root
              ,url
              ,root
              ,tags
              ,title
              ,body
              ,MIN(alexa)
              ,MAX(rank)
              ,SUM(hit1)
              ,SUM(hit2)
              ,SUM(hit3)
              ,category
              ,period
              ,AVG(gunning)
              ,AVG(flesch)
              ,AVG(kincaid)
              ,AVG(sentence)
              ,AVG(words)
              ,AVG(syllables)
              ,AVG(complex)
            FROM sorted.part_03e
            GROUP BY sha256url

63   03f
CREATE TABLE sorted.part_03f SELECT * FROM engine82.part_03f ORDER BY period DESC;

SET sql_mode = '';
        INSERT LOW_PRIORITY INTO engine83.part_03f
          SELECT DISTINCT (sha256url)
              ,md5root
              ,url
              ,root
              ,tags
              ,title
              ,body
              ,MIN(alexa)
              ,MAX(rank)
              ,SUM(hit1)
              ,SUM(hit2)
              ,SUM(hit3)
              ,category
              ,period
              ,AVG(gunning)
              ,AVG(flesch)
              ,AVG(kincaid)
              ,AVG(sentence)
              ,AVG(words)
              ,AVG(syllables)
              ,AVG(complex)
            FROM sorted.part_03f
            GROUP BY sha256url

64   040
CREATE TABLE sorted.part_040 SELECT * FROM engine82.part_040 ORDER BY period DESC;

SET sql_mode = '';
        INSERT LOW_PRIORITY INTO engine83.part_040
          SELECT DISTINCT (sha256url)
              ,md5root
              ,url
              ,root
              ,tags
              ,title
              ,body
              ,MIN(alexa)
              ,MAX(rank)
              ,SUM(hit1)
              ,SUM(hit2)
              ,SUM(hit3)
              ,category
              ,period
              ,AVG(gunning)
              ,AVG(flesch)
              ,AVG(kincaid)
              ,AVG(sentence)
              ,AVG(words)
              ,AVG(syllables)
              ,AVG(complex)
            FROM sorted.part_040
            GROUP BY sha256url

65   041
CREATE TABLE sorted.part_041 SELECT * FROM engine82.part_041 ORDER BY period DESC;

SET sql_mode = '';
        INSERT LOW_PRIORITY INTO engine83.part_041
          SELECT DISTINCT (sha256url)
              ,md5root
              ,url
              ,root
              ,tags
              ,title
              ,body
              ,MIN(alexa)
              ,MAX(rank)
              ,SUM(hit1)
              ,SUM(hit2)
              ,SUM(hit3)
              ,category
              ,period
              ,AVG(gunning)
              ,AVG(flesch)
              ,AVG(kincaid)
              ,AVG(sentence)
              ,AVG(words)
              ,AVG(syllables)
              ,AVG(complex)
            FROM sorted.part_041
            GROUP BY sha256url

66   042
CREATE TABLE sorted.part_042 SELECT * FROM engine82.part_042 ORDER BY period DESC;

SET sql_mode = '';
        INSERT LOW_PRIORITY INTO engine83.part_042
          SELECT DISTINCT (sha256url)
              ,md5root
              ,url
              ,root
              ,tags
              ,title
              ,body
              ,MIN(alexa)
              ,MAX(rank)
              ,SUM(hit1)
              ,SUM(hit2)
              ,SUM(hit3)
              ,category
              ,period
              ,AVG(gunning)
              ,AVG(flesch)
              ,AVG(kincaid)
              ,AVG(sentence)
              ,AVG(words)
              ,AVG(syllables)
              ,AVG(complex)
            FROM sorted.part_042
            GROUP BY sha256url

67   043
CREATE TABLE sorted.part_043 SELECT * FROM engine82.part_043 ORDER BY period DESC;

SET sql_mode = '';
        INSERT LOW_PRIORITY INTO engine83.part_043
          SELECT DISTINCT (sha256url)
              ,md5root
              ,url
              ,root
              ,tags
              ,title
              ,body
              ,MIN(alexa)
              ,MAX(rank)
              ,SUM(hit1)
              ,SUM(hit2)
              ,SUM(hit3)
              ,category
              ,period
              ,AVG(gunning)
              ,AVG(flesch)
              ,AVG(kincaid)
              ,AVG(sentence)
              ,AVG(words)
              ,AVG(syllables)
              ,AVG(complex)
            FROM sorted.part_043
            GROUP BY sha256url

68   044
CREATE TABLE sorted.part_044 SELECT * FROM engine82.part_044 ORDER BY period DESC;

SET sql_mode = '';
        INSERT LOW_PRIORITY INTO engine83.part_044
          SELECT DISTINCT (sha256url)
              ,md5root
              ,url
              ,root
              ,tags
              ,title
              ,body
              ,MIN(alexa)
              ,MAX(rank)
              ,SUM(hit1)
              ,SUM(hit2)
              ,SUM(hit3)
              ,category
              ,period
              ,AVG(gunning)
              ,AVG(flesch)
              ,AVG(kincaid)
              ,AVG(sentence)
              ,AVG(words)
              ,AVG(syllables)
              ,AVG(complex)
            FROM sorted.part_044
            GROUP BY sha256url
